app/build/intermediates/manifest_merge_blame_file/debug/manifest-merger-blame-debug-report.txt
1<?xml version="1.0" encoding="utf-8"?>
2<manifest xmlns:android="http://schemas.android.com/apk/res/android"
3    package="com.example.doantotnghiep"
4    android:versionCode="1"
5    android:versionName="1.0" >
6
7    <uses-sdk
8        android:minSdkVersion="21"
8-->src\main\AndroidManifest.xml
9        android:targetSdkVersion="32" />
9-->src\main\AndroidManifest.xml
10
11    <uses-permission android:name="android.permission.READ_EXTERNAL_STORAGE" />
11-->src\main\AndroidManifest.xml:5:5-80
11-->src\main\AndroidManifest.xml:5:22-77
12    <uses-permission android:name="android.permission.WRITE_EXTERNAL_STORAGE" />
12-->src\main\AndroidManifest.xml:6:5-81
12-->src\main\AndroidManifest.xml:6:22-78
13
14    <queries>
14-->[com.github.dhaval2404:imagepicker:2.1] AndroidManifest.xml:9:5-19:15
15
16        <!-- Query Camera Packages -->
17        <intent>
17-->[com.github.dhaval2404:imagepicker:2.1] AndroidManifest.xml:12:9-14:18
18            <action android:name="android.media.action.IMAGE_CAPTURE" />
18-->[com.github.dhaval2404:imagepicker:2.1] AndroidManifest.xml:13:13-73
18-->[com.github.dhaval2404:imagepicker:2.1] AndroidManifest.xml:13:21-70
19        </intent>
20        <!-- Query Open Document -->
21        <intent>
21-->[com.github.dhaval2404:imagepicker:2.1] AndroidManifest.xml:16:9-18:18
22            <action android:name="android.intent.action.OPEN_DOCUMENT_TREE" />
22-->[com.github.dhaval2404:imagepicker:2.1] AndroidManifest.xml:17:13-79
22-->[com.github.dhaval2404:imagepicker:2.1] AndroidManifest.xml:17:21-76
23        </intent>
24    </queries>
25
26    <application
26-->src\main\AndroidManifest.xml:8:5-115:19
27        android:name="com.example.doantotnghiep.MyApplication"
27-->src\main\AndroidManifest.xml:9:9-38
28        android:allowBackup="true"
28-->src\main\AndroidManifest.xml:10:9-35
29        android:appComponentFactory="androidx.core.app.CoreComponentFactory"
29-->[androidx.core:core:1.8.0] AndroidManifest.xml:24:18-86
30        android:dataExtractionRules="@xml/data_extraction_rules"
30-->src\main\AndroidManifest.xml:11:9-65
31        android:debuggable="true"
32        android:fullBackupContent="@xml/backup_rules"
32-->src\main\AndroidManifest.xml:12:9-54
33        android:hardwareAccelerated="true"
33-->src\main\AndroidManifest.xml:13:9-43
34        android:icon="@drawable/logogs"
34-->src\main\AndroidManifest.xml:14:9-40
35        android:label="@string/app_name"
35-->src\main\AndroidManifest.xml:15:9-41
36        android:largeHeap="true"
36-->src\main\AndroidManifest.xml:16:9-33
37        android:requestLegacyExternalStorage="true"
37-->src\main\AndroidManifest.xml:17:9-52
38        android:roundIcon="@drawable/logogs"
38-->src\main\AndroidManifest.xml:18:9-45
39        android:supportsRtl="true"
39-->src\main\AndroidManifest.xml:19:9-35
40        android:testOnly="true"
41        android:theme="@style/Theme.DuAn1_PRO1121" >
41-->src\main\AndroidManifest.xml:20:9-51
42        <activity
42-->src\main\AndroidManifest.xml:23:9-29:20
43            android:name="com.example.doantotnghiep.activity.admin.SalaryDetailsActivityAdmin"
43-->src\main\AndroidManifest.xml:24:13-70
44            android:exported="false" >
44-->src\main\AndroidManifest.xml:25:13-37
45            <meta-data
45-->src\main\AndroidManifest.xml:26:13-28:36
46                android:name="android.app.lib_name"
46-->src\main\AndroidManifest.xml:27:17-52
47                android:value="" />
47-->src\main\AndroidManifest.xml:28:17-33
48        </activity>
49        <activity
49-->src\main\AndroidManifest.xml:30:9-36:20
50            android:name="com.example.doantotnghiep.activity.admin.SalaryDetailsActivityStaff"
50-->src\main\AndroidManifest.xml:31:13-70
51            android:exported="false" >
51-->src\main\AndroidManifest.xml:32:13-37
52            <meta-data
52-->src\main\AndroidManifest.xml:26:13-28:36
53                android:name="android.app.lib_name"
53-->src\main\AndroidManifest.xml:27:17-52
54                android:value="" />
54-->src\main\AndroidManifest.xml:28:17-33
55        </activity>
56        <activity
56-->src\main\AndroidManifest.xml:37:9-43:20
57            android:name="com.example.doantotnghiep.activity.admin.ShowDetailsStatistical"
57-->src\main\AndroidManifest.xml:38:13-66
58            android:exported="false" >
58-->src\main\AndroidManifest.xml:39:13-37
59            <meta-data
59-->src\main\AndroidManifest.xml:26:13-28:36
60                android:name="android.app.lib_name"
60-->src\main\AndroidManifest.xml:27:17-52
61                android:value="" />
61-->src\main\AndroidManifest.xml:28:17-33
62        </activity>
63        <activity
63-->src\main\AndroidManifest.xml:44:9-50:20
64            android:name="com.example.doantotnghiep.activity.admin.ShowCaThiDauActivity"
64-->src\main\AndroidManifest.xml:45:13-64
65            android:exported="false" >
65-->src\main\AndroidManifest.xml:46:13-37
66            <meta-data
66-->src\main\AndroidManifest.xml:26:13-28:36
67                android:name="android.app.lib_name"
67-->src\main\AndroidManifest.xml:27:17-52
68                android:value="" />
68-->src\main\AndroidManifest.xml:28:17-33
69        </activity>
70        <activity
70-->src\main\AndroidManifest.xml:51:9-57:20
71            android:name="com.example.doantotnghiep.activity.user.ChangePassActivity"
71-->src\main\AndroidManifest.xml:52:13-61
72            android:exported="false" >
72-->src\main\AndroidManifest.xml:53:13-37
73            <meta-data
73-->src\main\AndroidManifest.xml:26:13-28:36
74                android:name="android.app.lib_name"
74-->src\main\AndroidManifest.xml:27:17-52
75                android:value="" />
75-->src\main\AndroidManifest.xml:28:17-33
76        </activity>
77        <activity
77-->src\main\AndroidManifest.xml:58:9-64:20
78            android:name="com.example.doantotnghiep.activity.user.ChangeProfileActivity"
78-->src\main\AndroidManifest.xml:59:13-64
79            android:exported="false" >
79-->src\main\AndroidManifest.xml:60:13-37
80            <meta-data
80-->src\main\AndroidManifest.xml:26:13-28:36
81                android:name="android.app.lib_name"
81-->src\main\AndroidManifest.xml:27:17-52
82                android:value="" />
82-->src\main\AndroidManifest.xml:28:17-33
83        </activity>
84        <activity
84-->src\main\AndroidManifest.xml:65:9-67:40
85            android:name="com.example.doantotnghiep.activity.user.HistoryActivity"
85-->src\main\AndroidManifest.xml:66:13-58
86            android:exported="false" />
86-->src\main\AndroidManifest.xml:67:13-37
87        <activity
87-->src\main\AndroidManifest.xml:68:9-74:20
88            android:name="com.example.doantotnghiep.activity.user.ProfileActivity"
88-->src\main\AndroidManifest.xml:69:13-58
89            android:exported="false" >
89-->src\main\AndroidManifest.xml:70:13-37
90            <meta-data
90-->src\main\AndroidManifest.xml:26:13-28:36
91                android:name="android.app.lib_name"
91-->src\main\AndroidManifest.xml:27:17-52
92                android:value="" />
92-->src\main\AndroidManifest.xml:28:17-33
93        </activity>
94        <activity
94-->src\main\AndroidManifest.xml:75:9-83:20
95            android:name="com.example.doantotnghiep.activity.SelectTypeActivity"
95-->src\main\AndroidManifest.xml:76:13-56
96            android:exported="true" >
96-->src\main\AndroidManifest.xml:77:13-36
97            <intent-filter>
97-->src\main\AndroidManifest.xml:78:13-82:29
98                <action android:name="android.intent.action.MAIN" />
98-->src\main\AndroidManifest.xml:79:17-69
98-->src\main\AndroidManifest.xml:79:25-66
99
100                <category android:name="android.intent.category.LAUNCHER" />
100-->src\main\AndroidManifest.xml:81:17-77
100-->src\main\AndroidManifest.xml:81:27-74
101            </intent-filter>
102        </activity>
103        <activity
103-->src\main\AndroidManifest.xml:84:9-86:40
104            android:name="com.example.doantotnghiep.activity.user.NapTienActivity"
104-->src\main\AndroidManifest.xml:85:13-58
105            android:exported="false" />
105-->src\main\AndroidManifest.xml:86:13-37
106        <activity
106-->src\main\AndroidManifest.xml:87:9-89:40
107            android:name="com.example.doantotnghiep.activity.admin.CategoryPitchActivity"
107-->src\main\AndroidManifest.xml:88:13-65
108            android:exported="false" />
108-->src\main\AndroidManifest.xml:89:13-37
109        <activity
109-->src\main\AndroidManifest.xml:90:9-92:40
110            android:name="com.example.doantotnghiep.activity.admin.CategoryManagerActivity"
110-->src\main\AndroidManifest.xml:91:13-67
111            android:exported="false" />
111-->src\main\AndroidManifest.xml:92:13-37
112        <activity
112-->src\main\AndroidManifest.xml:93:9-95:40
113            android:name="com.example.doantotnghiep.activity.user.UserDatSanChiTietActivity"
113-->src\main\AndroidManifest.xml:94:13-68
114            android:exported="false" />
114-->src\main\AndroidManifest.xml:95:13-37
115        <activity
115-->src\main\AndroidManifest.xml:96:9-98:40
116            android:name="com.example.doantotnghiep.activity.user.UserMainActivity"
116-->src\main\AndroidManifest.xml:97:13-59
117            android:exported="false" />
117-->src\main\AndroidManifest.xml:98:13-37
118        <activity
118-->src\main\AndroidManifest.xml:99:9-101:40
119            android:name="com.example.doantotnghiep.activity.admin.ListServiceActivity"
119-->src\main\AndroidManifest.xml:100:13-63
120            android:exported="false" />
120-->src\main\AndroidManifest.xml:101:13-37
121        <activity
121-->src\main\AndroidManifest.xml:102:9-104:40
122            android:name="com.example.doantotnghiep.activity.admin.ListCustomerActivity"
122-->src\main\AndroidManifest.xml:103:13-64
123            android:exported="false" />
123-->src\main\AndroidManifest.xml:104:13-37
124        <activity
124-->src\main\AndroidManifest.xml:105:9-107:40
125            android:name="com.example.doantotnghiep.activity.admin.SplashActivity"
125-->src\main\AndroidManifest.xml:106:13-58
126            android:exported="false" />
126-->src\main\AndroidManifest.xml:107:13-37
127        <activity
127-->src\main\AndroidManifest.xml:108:9-110:40
128            android:name="com.example.doantotnghiep.activity.admin.MainActivity"
128-->src\main\AndroidManifest.xml:109:13-56
129            android:exported="false" />
129-->src\main\AndroidManifest.xml:110:13-37
130        <activity android:name="com.example.doantotnghiep.activity.admin.DatSanChiTietActivity" />
130-->src\main\AndroidManifest.xml:111:9-74
130-->src\main\AndroidManifest.xml:111:19-71
131        <activity
131-->src\main\AndroidManifest.xml:112:9-114:40
132            android:name="com.example.doantotnghiep.activity.admin.FormActivity"
132-->src\main\AndroidManifest.xml:113:13-56
133            android:exported="false" />
133-->src\main\AndroidManifest.xml:114:13-37
134        <activity
134-->[com.github.dhaval2404:imagepicker:2.1] AndroidManifest.xml:22:9-25:68
135            android:name="com.github.dhaval2404.imagepicker.ImagePickerActivity"
135-->[com.github.dhaval2404:imagepicker:2.1] AndroidManifest.xml:23:13-81
136            android:screenOrientation="unspecified"
136-->[com.github.dhaval2404:imagepicker:2.1] AndroidManifest.xml:24:13-52
137            android:theme="@style/Theme.Transparent.ImagePicker" />
137-->[com.github.dhaval2404:imagepicker:2.1] AndroidManifest.xml:25:13-65
138        <activity
138-->[com.github.dhaval2404:imagepicker:2.1] AndroidManifest.xml:26:9-29:72
139            android:name="com.yalantis.ucrop.UCropActivity"
139-->[com.github.dhaval2404:imagepicker:2.1] AndroidManifest.xml:27:13-60
140            android:screenOrientation="portrait"
140-->[com.github.dhaval2404:imagepicker:2.1] AndroidManifest.xml:28:13-49
141            android:theme="@style/Theme.AppCompat.Light.NoActionBar" />
141-->[com.github.dhaval2404:imagepicker:2.1] AndroidManifest.xml:29:13-69
142
143        <provider
143-->[com.github.dhaval2404:imagepicker:2.1] AndroidManifest.xml:31:9-39:20
144            android:name="com.github.dhaval2404.imagepicker.ImagePickerFileProvider"
144-->[com.github.dhaval2404:imagepicker:2.1] AndroidManifest.xml:32:13-85
145            android:authorities="com.example.doantotnghiep.imagepicker.provider"
145-->[com.github.dhaval2404:imagepicker:2.1] AndroidManifest.xml:33:13-72
146            android:exported="false"
146-->[com.github.dhaval2404:imagepicker:2.1] AndroidManifest.xml:34:13-37
147            android:grantUriPermissions="true" >
147-->[com.github.dhaval2404:imagepicker:2.1] AndroidManifest.xml:35:13-47
148            <meta-data
148-->[com.github.dhaval2404:imagepicker:2.1] AndroidManifest.xml:36:13-38:71
149                android:name="android.support.FILE_PROVIDER_PATHS"
149-->[com.github.dhaval2404:imagepicker:2.1] AndroidManifest.xml:37:17-67
150                android:resource="@xml/image_picker_provider_paths" />
150-->[com.github.dhaval2404:imagepicker:2.1] AndroidManifest.xml:38:17-68
151        </provider>
152
153        <service
153-->[androidx.room:room-runtime:2.4.3] AndroidManifest.xml:25:9-28:40
154            android:name="androidx.room.MultiInstanceInvalidationService"
154-->[androidx.room:room-runtime:2.4.3] AndroidManifest.xml:26:13-74
155            android:directBootAware="true"
155-->[androidx.room:room-runtime:2.4.3] AndroidManifest.xml:27:13-43
156            android:exported="false" />
156-->[androidx.room:room-runtime:2.4.3] AndroidManifest.xml:28:13-37
157
158        <provider
158-->[androidx.emoji2:emoji2:1.2.0] AndroidManifest.xml:24:9-32:20
159            android:name="androidx.startup.InitializationProvider"
159-->[androidx.emoji2:emoji2:1.2.0] AndroidManifest.xml:25:13-67
160            android:authorities="com.example.doantotnghiep.androidx-startup"
160-->[androidx.emoji2:emoji2:1.2.0] AndroidManifest.xml:26:13-68
161            android:exported="false" >
161-->[androidx.emoji2:emoji2:1.2.0] AndroidManifest.xml:27:13-37
162            <meta-data
162-->[androidx.emoji2:emoji2:1.2.0] AndroidManifest.xml:29:13-31:52
163                android:name="androidx.emoji2.text.EmojiCompatInitializer"
163-->[androidx.emoji2:emoji2:1.2.0] AndroidManifest.xml:30:17-75
164                android:value="androidx.startup" />
164-->[androidx.emoji2:emoji2:1.2.0] AndroidManifest.xml:31:17-49
165            <meta-data
165-->[androidx.lifecycle:lifecycle-process:2.4.1] AndroidManifest.xml:31:13-33:52
166                android:name="androidx.lifecycle.ProcessLifecycleInitializer"
166-->[androidx.lifecycle:lifecycle-process:2.4.1] AndroidManifest.xml:32:17-78
167                android:value="androidx.startup" />
167-->[androidx.lifecycle:lifecycle-process:2.4.1] AndroidManifest.xml:33:17-49
168        </provider>
169    </application>
170
171</manifest>